<?xml version="1.0" encoding="UTF-8"?>
<!-- Generated by org.testng.reporters.JUnitReportReporter -->
<testsuite hostname="LAPTOP-QQFR7U9L" name="Session18TestNG.Day3" tests="2" failures="0" timestamp="26 Nov 2019 05:28:25 GMT" time="0.014" errors="0">
  <testcase name="LoginAPIcarloan" time="0.010" classname="Session18TestNG.Day3"/>
  <testcase name="Weblogincarloan" time="0.004" classname="Session18TestNG.Day3"/>
</testsuite> <!-- Session18TestNG.Day3 -->
