<?xml version="1.0" encoding="UTF-8"?>
<!-- Generated by org.testng.reporters.JUnitReportReporter -->
<testsuite hostname="LAPTOP-QQFR7U9L" name="Session18TestNG.Day1" tests="1" failures="0" timestamp="26 Nov 2019 05:28:25 GMT" time="0.003" errors="0">
  <testcase name="Demo" time="0.003" classname="Session18TestNG.Day1"/>
</testsuite> <!-- Session18TestNG.Day1 -->
