<?xml version="1.0" encoding="UTF-8"?>
<!-- Generated by org.testng.reporters.JUnitReportReporter -->
<testsuite hostname="LAPTOP-QQFR7U9L" name="Session19TestNG.Basic" tests="2" failures="0" timestamp="16 Dec 2019 13:46:02 GMT" time="17.216" errors="0">
  <testcase name="login" time="7.245" classname="Session19TestNG.Basic"/>
  <testcase name="normal" time="9.971" classname="Session19TestNG.Basic"/>
</testsuite> <!-- Session19TestNG.Basic -->
