<?xml version="1.0" encoding="UTF-8"?>
<!-- Generated by org.testng.reporters.JUnitReportReporter -->
<testsuite hostname="LAPTOP-QQFR7U9L" name="Session19TestNG.TestBase" tests="1" failures="0" timestamp="22 Nov 2019 11:42:59 GMT" time="9.362" errors="0">
  <testcase name="login" time="9.362" classname="Session19TestNG.TestBase"/>
</testsuite> <!-- Session19TestNG.TestBase -->
