<?xml version="1.0" encoding="UTF-8"?>
<!-- Generated by org.testng.reporters.JUnitReportReporter -->
<testsuite hostname="LAPTOP-QQFR7U9L" name="Session19TestNG.LoginGlobal" tests="1" failures="0" timestamp="22 Nov 2019 11:23:05 GMT" time="19.770" errors="0">
  <testcase name="login" time="19.770" classname="Session19TestNG.LoginGlobal"/>
</testsuite> <!-- Session19TestNG.LoginGlobal -->
