<?xml version="1.0" encoding="UTF-8"?>
<!-- Generated by org.testng.reporters.JUnitReportReporter -->
<testsuite hostname="LAPTOP-QQFR7U9L" name="Session18TestNG.Day2" tests="3" failures="0" timestamp="26 Nov 2019 05:28:25 GMT" time="0.021" errors="0">
  <testcase name="Day" time="0.008" classname="Session18TestNG.Day2"/>
  <testcase name="Day" time="0.008" classname="Session18TestNG.Day2"/>
  <testcase name="Day" time="0.005" classname="Session18TestNG.Day2"/>
</testsuite> <!-- Session18TestNG.Day2 -->
